2014/03/22 16:57:25 [error] [exception.CHttpException.404] exception 'CHttpException' with message 'The system is unable to find the requested action "favicon.ico".' in /var/www/agenda-yii/framework/web/CController.php:483
Stack trace:
#0 /var/www/agenda-yii/framework/web/CController.php(270): CController->missingAction('favicon.ico')
#1 /var/www/agenda-yii/framework/web/CWebApplication.php(282): CController->run('favicon.ico')
#2 /var/www/agenda-yii/framework/web/CWebApplication.php(141): CWebApplication->runController('site/favicon.ic...')
#3 /var/www/agenda-yii/framework/base/CApplication.php(180): CWebApplication->processRequest()
#4 /var/www/agenda-yii/index.php(13): CApplication->run()
#5 {main}
REQUEST_URI=/index.php/site/favicon.ico
---
2014/03/22 18:51:19 [error] [php] Undefined index: active (/var/www/agenda-yii/framework/zii/widgets/CMenu.php:198)
Stack trace:
#0 /var/www/agenda-yii/framework/web/CBaseController.php(173): CMenu->run()
#1 /var/www/agenda-yii/protected/views/layouts/main.php(101): SiteController->widget()
#2 /var/www/agenda-yii/framework/web/CBaseController.php(126): require()
#3 /var/www/agenda-yii/framework/web/CBaseController.php(95): SiteController->renderInternal()
#4 /var/www/agenda-yii/framework/web/widgets/CContentDecorator.php(76): SiteController->renderFile()
#5 /var/www/agenda-yii/framework/web/widgets/CContentDecorator.php(54): CContentDecorator->decorate()
#6 /var/www/agenda-yii/framework/web/widgets/COutputProcessor.php(44): CContentDecorator->processOutput()
#7 /var/www/agenda-yii/framework/web/CBaseController.php(206): CContentDecorator->run()
#8 /var/www/agenda-yii/framework/web/CBaseController.php(300): SiteController->endWidget()
#9 /var/www/agenda-yii/protected/views/layouts/column1.php(6): SiteController->endContent()
#10 /var/www/agenda-yii/framework/web/CBaseController.php(126): require()
#11 /var/www/agenda-yii/framework/web/CBaseController.php(95): SiteController->renderInternal()
#12 /var/www/agenda-yii/framework/web/CController.php(784): SiteController->renderFile()
#13 /var/www/agenda-yii/protected/controllers/SiteController.php(32): SiteController->render()
#14 /var/www/agenda-yii/framework/web/actions/CInlineAction.php(49): SiteController->actionIndex()
#15 /var/www/agenda-yii/framework/web/CController.php(308): CInlineAction->runWithParams()
#16 /var/www/agenda-yii/framework/web/CController.php(286): SiteController->runAction()
#17 /var/www/agenda-yii/framework/web/CController.php(265): SiteController->runActionWithFilters()
#18 /var/www/agenda-yii/framework/web/CWebApplication.php(282): SiteController->run()
#19 /var/www/agenda-yii/framework/web/CWebApplication.php(141): CWebApplication->runController()
#20 /var/www/agenda-yii/framework/base/CApplication.php(180): CWebApplication->processRequest()
#21 /var/www/agenda-yii/index.php(13): CWebApplication->run()
REQUEST_URI=/index.php/site/index
in /var/www/agenda-yii/protected/views/layouts/main.php (101)
in /var/www/agenda-yii/protected/views/layouts/column1.php (6)
in /var/www/agenda-yii/protected/controllers/SiteController.php (32)
2014/03/22 18:51:21 [error] [php] Undefined index: active (/var/www/agenda-yii/framework/zii/widgets/CMenu.php:198)
Stack trace:
#0 /var/www/agenda-yii/framework/web/CBaseController.php(173): CMenu->run()
#1 /var/www/agenda-yii/protected/views/layouts/main.php(101): SiteController->widget()
#2 /var/www/agenda-yii/framework/web/CBaseController.php(126): require()
#3 /var/www/agenda-yii/framework/web/CBaseController.php(95): SiteController->renderInternal()
#4 /var/www/agenda-yii/framework/web/widgets/CContentDecorator.php(76): SiteController->renderFile()
#5 /var/www/agenda-yii/framework/web/widgets/CContentDecorator.php(54): CContentDecorator->decorate()
#6 /var/www/agenda-yii/framework/web/widgets/COutputProcessor.php(44): CContentDecorator->processOutput()
#7 /var/www/agenda-yii/framework/web/CBaseController.php(206): CContentDecorator->run()
#8 /var/www/agenda-yii/framework/web/CBaseController.php(300): SiteController->endWidget()
#9 /var/www/agenda-yii/protected/views/layouts/column1.php(6): SiteController->endContent()
#10 /var/www/agenda-yii/framework/web/CBaseController.php(126): require()
#11 /var/www/agenda-yii/framework/web/CBaseController.php(95): SiteController->renderInternal()
#12 /var/www/agenda-yii/framework/web/CController.php(784): SiteController->renderFile()
#13 /var/www/agenda-yii/protected/controllers/SiteController.php(32): SiteController->render()
#14 /var/www/agenda-yii/framework/web/actions/CInlineAction.php(49): SiteController->actionIndex()
#15 /var/www/agenda-yii/framework/web/CController.php(308): CInlineAction->runWithParams()
#16 /var/www/agenda-yii/framework/web/CController.php(286): SiteController->runAction()
#17 /var/www/agenda-yii/framework/web/CController.php(265): SiteController->runActionWithFilters()
#18 /var/www/agenda-yii/framework/web/CWebApplication.php(282): SiteController->run()
#19 /var/www/agenda-yii/framework/web/CWebApplication.php(141): CWebApplication->runController()
#20 /var/www/agenda-yii/framework/base/CApplication.php(180): CWebApplication->processRequest()
#21 /var/www/agenda-yii/index.php(13): CWebApplication->run()
REQUEST_URI=/index.php/site/index
in /var/www/agenda-yii/protected/views/layouts/main.php (101)
in /var/www/agenda-yii/protected/views/layouts/column1.php (6)
in /var/www/agenda-yii/protected/controllers/SiteController.php (32)
